{
  "RSpec": {
    "coverage": {
      "/Users/markmerritt/code/projects/united-masonry/config/environment.rb": [
        null,
        1,
        null,
        null,
        1
      ],
      "/Users/markmerritt/code/projects/united-masonry/config/application.rb": [
        1,
        null,
        1,
        null,
        1,
        1,
        1,
        1,
        1,
        1,
        1,
        1,
        1,
        null,
        null,
        null,
        null,
        1,
        null,
        1,
        1,
        null,
        1,
        null,
        null,
        null,
        null,
        null,
        null,
        null,
        1,
        1,
        1,
        1,
        1,
        1,
        1,
        1,
        null,
        null,
        null
      ],
      "/Users/markmerritt/code/projects/united-masonry/config/boot.rb": [
        1,
        null,
        1,
        1
      ],
      "/Users/markmerritt/code/projects/united-masonry/config/environments/test.rb": [
        1,
        null,
        null,
        null,
        null,
        null,
        null,
        1,
        null,
        null,
        null,
        null,
        1,
        null,
        null,
        1,
        1,
        null,
        null,
        null,
        null,
        1,
        1,
        null,
        null,
        1,
        null,
        null,
        1,
        null,
        null,
        1,
        null,
        1,
        null,
        null,
        null,
        null,
        1,
        null,
        null,
        1,
        null,
        null,
        null,
        null
      ],
      "/Users/markmerritt/code/projects/united-masonry/config/initializers/application_controller_renderer.rb": [
        null,
        null,
        null,
        null,
        null,
        null,
        null,
        null
      ],
      "/Users/markmerritt/code/projects/united-masonry/config/initializers/assets.rb": [
        null,
        null,
        null,
        1,
        null,
        null,
        null,
        null,
        1,
        null,
        null,
        null,
        null,
        1
      ],
      "/Users/markmerritt/code/projects/united-masonry/config/initializers/backtrace_silencers.rb": [
        null,
        null,
        null,
        null,
        null,
        null,
        null
      ],
      "/Users/markmerritt/code/projects/united-masonry/config/initializers/content_security_policy.rb": [
        null,
        null,
        null,
        null,
        null,
        null,
        null,
        null,
        null,
        null,
        null,
        null,
        null,
        null,
        null,
        null,
        null,
        null,
        null,
        null,
        null,
        null,
        null,
        null,
        null
      ],
      "/Users/markmerritt/code/projects/united-masonry/config/initializers/cookies_serializer.rb": [
        null,
        null,
        null,
        null,
        1
      ],
      "/Users/markmerritt/code/projects/united-masonry/config/initializers/devise.rb": [
        null,
        null,
        null,
        null,
        1,
        null,
        null,
        null,
        null,
        null,
        null,
        null,
        null,
        null,
        null,
        null,
        null,
        null,
        null,
        null,
        1,
        null,
        null,
        null,
        null,
        null,
        null,
        null,
        null,
        null,
        null,
        null,
        1,
        null,
        null,
        null,
        null,
        null,
        null,
        null,
        null,
        null,
        null,
        null,
        null,
        null,
        null,
        null,
        null,
        null,
        null,
        null,
        null,
        null,
        1,
        null,
        null,
        null,
        null,
        1,
        null,
        null,
        null,
        null,
        null,
        null,
        null,
        null,
        null,
        null,
        null,
        null,
        null,
        null,
        null,
        null,
        null,
        null,
        null,
        null,
        null,
        null,
        null,
        null,
        null,
        null,
        null,
        null,
        null,
        null,
        1,
        null,
        null,
        null,
        null,
        null,
        null,
        null,
        null,
        null,
        null,
        null,
        null,
        null,
        null,
        null,
        null,
        null,
        null,
        null,
        null,
        null,
        null,
        1,
        null,
        null,
        null,
        null,
        null,
        null,
        null,
        null,
        null,
        null,
        null,
        null,
        null,
        null,
        null,
        null,
        null,
        null,
        null,
        null,
        null,
        null,
        null,
        null,
        null,
        null,
        null,
        null,
        null,
        null,
        null,
        null,
        null,
        1,
        null,
        null,
        null,
        null,
        null,
        null,
        null,
        null,
        null,
        1,
        null,
        null,
        null,
        null,
        null,
        null,
        null,
        null,
        null,
        null,
        1,
        null,
        null,
        null,
        null,
        1,
        null,
        null,
        null,
        null,
        null,
        null,
        null,
        null,
        null,
        null,
        null,
        null,
        null,
        null,
        null,
        null,
        null,
        null,
        null,
        null,
        null,
        null,
        null,
        null,
        null,
        null,
        null,
        null,
        null,
        null,
        null,
        null,
        null,
        null,
        null,
        null,
        null,
        null,
        null,
        null,
        1,
        null,
        null,
        null,
        null,
        null,
        null,
        null,
        null,
        null,
        null,
        null,
        null,
        null,
        null,
        null,
        null,
        null,
        null,
        null,
        null,
        null,
        null,
        null,
        null,
        null,
        null,
        null,
        null,
        null,
        null,
        null,
        null,
        null,
        null,
        null,
        null,
        null,
        null,
        null,
        null,
        null,
        1,
        null,
        null,
        null,
        null,
        null,
        null,
        null,
        null,
        null,
        null,
        null,
        null,
        null,
        null,
        null,
        null,
        null,
        null,
        null,
        null,
        null,
        null,
        null,
        null,
        null,
        null,
        null,
        null,
        null,
        null,
        null,
        null,
        null,
        null,
        null,
        null,
        null,
        null,
        null,
        null,
        null,
        null
      ],
      "/Users/markmerritt/code/projects/united-masonry/config/initializers/filter_parameter_logging.rb": [
        null,
        null,
        null,
        1
      ],
      "/Users/markmerritt/code/projects/united-masonry/config/initializers/inflections.rb": [
        null,
        null,
        null,
        null,
        null,
        null,
        null,
        null,
        null,
        null,
        null,
        null,
        null,
        null,
        null,
        null
      ],
      "/Users/markmerritt/code/projects/united-masonry/config/initializers/mime_types.rb": [
        null,
        null,
        null,
        null
      ],
      "/Users/markmerritt/code/projects/united-masonry/config/initializers/wrap_parameters.rb": [
        null,
        null,
        null,
        null,
        null,
        null,
        1,
        2,
        null,
        null,
        null,
        null,
        null,
        null
      ],
      "/Users/markmerritt/code/projects/united-masonry/spec/factories/form_types.rb": [
        1,
        1,
        3,
        null,
        null,
        1,
        2,
        null,
        null,
        1,
        2,
        null,
        null
      ],
      "/Users/markmerritt/code/projects/united-masonry/app/models/form_type.rb": [
        1,
        1,
        null
      ],
      "/Users/markmerritt/code/projects/united-masonry/app/models/application_record.rb": [
        1,
        1,
        null
      ],
      "/Users/markmerritt/code/projects/united-masonry/spec/factories/users.rb": [
        1,
        1,
        null,
        1,
        10,
        null,
        null,
        1,
        2,
        2,
        2,
        2,
        2,
        2,
        2,
        null,
        null,
        1,
        3,
        3,
        3,
        3,
        3,
        3,
        null,
        null,
        1,
        1,
        1,
        1,
        1,
        1,
        1,
        1,
        null,
        null,
        1,
        8,
        8,
        8,
        8,
        8,
        8,
        8,
        null,
        null
      ],
      "/Users/markmerritt/code/projects/united-masonry/app/models/user.rb": [
        1,
        1,
        null,
        null,
        1,
        null,
        null,
        null,
        1,
        null
      ],
      "/Users/markmerritt/code/projects/united-masonry/config/routes.rb": [
        1,
        1,
        null,
        1,
        null,
        1,
        1,
        1,
        1,
        1,
        null,
        null,
        1,
        1,
        1,
        null,
        null,
        null,
        1,
        1,
        1,
        null,
        null
      ],
      "/Users/markmerritt/code/projects/united-masonry/app/helpers/application_helper.rb": [
        1,
        1,
        124,
        124,
        null,
        124,
        124,
        null,
        null,
        null
      ],
      "/Users/markmerritt/code/projects/united-masonry/app/helpers/home_helper.rb": [
        1,
        1,
        0,
        0,
        null,
        null,
        null,
        1,
        7,
        null,
        null,
        1,
        7,
        null,
        null
      ],
      "/Users/markmerritt/code/projects/united-masonry/app/helpers/legal_helper.rb": [
        1,
        null
      ],
      "/Users/markmerritt/code/projects/united-masonry/app/helpers/portal/form_types_helper.rb": [
        1,
        null
      ],
      "/Users/markmerritt/code/projects/united-masonry/spec/features/portal/form_type_spec.rb": [
        1,
        null,
        1,
        5,
        null,
        1,
        4,
        null,
        null,
        1,
        1,
        1,
        1,
        null,
        1,
        1,
        null,
        null,
        null,
        1,
        1,
        1,
        1,
        4,
        null,
        null,
        1,
        1,
        4,
        null,
        null,
        null,
        1,
        2,
        null,
        1,
        1,
        1,
        null,
        null,
        null
      ],
      "/Users/markmerritt/code/projects/united-masonry/spec/features/static/home_spec.rb": [
        1,
        null,
        1,
        1,
        1,
        1,
        1,
        null,
        null,
        null,
        1,
        1,
        null,
        1,
        1,
        3,
        3,
        3,
        null,
        null,
        null,
        null
      ],
      "/Users/markmerritt/code/projects/united-masonry/spec/features/static/legal_spec.rb": [
        1,
        null,
        1,
        1,
        null,
        1,
        1,
        2,
        2,
        2,
        null,
        null,
        null
      ],
      "/Users/markmerritt/code/projects/united-masonry/spec/models/form_type_spec.rb": [
        1,
        null,
        1,
        1,
        1,
        4,
        null,
        null,
        null,
        1,
        2,
        null,
        null
      ],
      "/Users/markmerritt/code/projects/united-masonry/spec/models/user_spec.rb": [
        1,
        null,
        1,
        1,
        null,
        1,
        1,
        4,
        null,
        null,
        null,
        1,
        2,
        2,
        2,
        null,
        null
      ],
      "/Users/markmerritt/code/projects/united-masonry/spec/policies/application_policy_spec.rb": [
        1,
        2,
        null,
        2,
        null,
        1,
        1,
        1,
        null,
        null,
        null
      ],
      "/Users/markmerritt/code/projects/united-masonry/app/policies/application_policy.rb": [
        1,
        1,
        null,
        1,
        15,
        15,
        null,
        null,
        1,
        4,
        null,
        null,
        1,
        2,
        null,
        null,
        1,
        1,
        null,
        null,
        1,
        2,
        null,
        null,
        1,
        1,
        null,
        null,
        1,
        0,
        null,
        null,
        1,
        1,
        null,
        null,
        1,
        2,
        null,
        null,
        1,
        1,
        null,
        1,
        2,
        2,
        null,
        null,
        1,
        2,
        null,
        null,
        null
      ],
      "/Users/markmerritt/code/projects/united-masonry/spec/policies/form_type_policy_spec.rb": [
        1,
        3,
        null,
        2,
        2,
        null,
        1,
        1,
        1,
        null,
        null,
        1,
        1,
        null,
        null,
        null
      ],
      "/Users/markmerritt/code/projects/united-masonry/app/policies/form_type_policy.rb": [
        1,
        1,
        3,
        null,
        null,
        1,
        6,
        null,
        null
      ],
      "/Users/markmerritt/code/projects/united-masonry/app/controllers/static/home_controller.rb": [
        1,
        1,
        null,
        null,
        1,
        null,
        null,
        1,
        null,
        null,
        1,
        null,
        null
      ],
      "/Users/markmerritt/code/projects/united-masonry/app/controllers/static/base_controller.rb": [
        1,
        1,
        null
      ],
      "/Users/markmerritt/code/projects/united-masonry/app/controllers/application_controller.rb": [
        1,
        1,
        1,
        null,
        null,
        1,
        null,
        1,
        1,
        null,
        null,
        1,
        0,
        0,
        null,
        null
      ],
      "/Users/markmerritt/code/projects/united-masonry/app/controllers/portal/dashboard_controller.rb": [
        1,
        1,
        null,
        null,
        null
      ],
      "/Users/markmerritt/code/projects/united-masonry/app/controllers/portal/base_controller.rb": [
        1,
        1,
        1,
        1,
        null
      ],
      "/Users/markmerritt/code/projects/united-masonry/app/controllers/portal/form_types_controller.rb": [
        1,
        1,
        1,
        1,
        null,
        null,
        1,
        2,
        2,
        null,
        null,
        1,
        2,
        2,
        null,
        2,
        1,
        null,
        1,
        null,
        null,
        null,
        1,
        2,
        2,
        null,
        null,
        null,
        1,
        null,
        1,
        2,
        null,
        null
      ],
      "/Users/markmerritt/code/projects/united-masonry/app/controllers/static/legal_controller.rb": [
        1,
        1,
        null,
        null,
        1,
        null,
        null
      ]
    },
    "timestamp": 1550879469
  }
}
